DEPRECATION WARNING: Currently, Active Record suppresses errors raised within `after_rollback`/`after_commit` callbacks and only print them to the logs. In the next version, these errors will no longer be suppressed. Instead, the errors will propagate normally just like in other Active Record callbacks.

You can opt into the new behavior and remove this warning by setting:

  config.active_record.raise_in_transactional_callbacks = true

 (called from <class:User> at /Users/Abhi/Desktop/storyboard/app/models/user.rb:8)
DEPRECATION WARNING: Currently, Active Record suppresses errors raised within `after_rollback`/`after_commit` callbacks and only print them to the logs. In the next version, these errors will no longer be suppressed. Instead, the errors will propagate normally just like in other Active Record callbacks.

You can opt into the new behavior and remove this warning by setting:

  config.active_record.raise_in_transactional_callbacks = true

 (called from <class:User> at /Users/Abhi/Desktop/storyboard/app/models/user.rb:8)
DEPRECATION WARNING: Currently, Active Record suppresses errors raised within `after_rollback`/`after_commit` callbacks and only print them to the logs. In the next version, these errors will no longer be suppressed. Instead, the errors will propagate normally just like in other Active Record callbacks.

You can opt into the new behavior and remove this warning by setting:

  config.active_record.raise_in_transactional_callbacks = true

 (called from <class:User> at /Users/Abhi/Desktop/storyboard/app/models/user.rb:8)
DEPRECATION WARNING: Currently, Active Record suppresses errors raised within `after_rollback`/`after_commit` callbacks and only print them to the logs. In the next version, these errors will no longer be suppressed. Instead, the errors will propagate normally just like in other Active Record callbacks.

You can opt into the new behavior and remove this warning by setting:

  config.active_record.raise_in_transactional_callbacks = true

 (called from <class:User> at /Users/Abhi/Desktop/storyboard/app/models/user.rb:8)
DEPRECATION WARNING: Currently, Active Record suppresses errors raised within `after_rollback`/`after_commit` callbacks and only print them to the logs. In the next version, these errors will no longer be suppressed. Instead, the errors will propagate normally just like in other Active Record callbacks.

You can opt into the new behavior and remove this warning by setting:

  config.active_record.raise_in_transactional_callbacks = true

 (called from <class:User> at /Users/Abhi/Desktop/storyboard/app/models/user.rb:8)
DEPRECATION WARNING: Currently, Active Record suppresses errors raised within `after_rollback`/`after_commit` callbacks and only print them to the logs. In the next version, these errors will no longer be suppressed. Instead, the errors will propagate normally just like in other Active Record callbacks.

You can opt into the new behavior and remove this warning by setting:

  config.active_record.raise_in_transactional_callbacks = true

 (called from <class:User> at /Users/Abhi/Desktop/storyboard/app/models/user.rb:8)


Started GET "/" for 127.0.0.1 at 2015-10-26 20:52:31 -0700
** [Airbrake] Notice was not sent due to configuration:         
  Environment Monitored? false         
  API key set? false

ActiveRecord::PendingMigrationError - 

Migrations are pending. To resolve this issue, run:

	bin/rake db:migrate RAILS_ENV=development

:
  activerecord (4.2.3) lib/active_record/migration.rb:392:in `check_pending!'
  activerecord (4.2.3) lib/active_record/migration.rb:373:in `call'
  actionpack (4.2.3) lib/action_dispatch/middleware/callbacks.rb:29:in `block in call'
  activesupport (4.2.3) lib/active_support/callbacks.rb:84:in `run_callbacks'
  actionpack (4.2.3) lib/action_dispatch/middleware/callbacks.rb:27:in `call'
  actionpack (4.2.3) lib/action_dispatch/middleware/reloader.rb:73:in `call'
  actionpack (4.2.3) lib/action_dispatch/middleware/remote_ip.rb:78:in `call'
  airbrake (4.3.0) lib/airbrake/rails/middleware.rb:13:in `call'
  better_errors (2.1.1) lib/better_errors/middleware.rb:84:in `protected_app_call'
  better_errors (2.1.1) lib/better_errors/middleware.rb:79:in `better_errors_call'
  better_errors (2.1.1) lib/better_errors/middleware.rb:57:in `call'
  actionpack (4.2.3) lib/action_dispatch/middleware/debug_exceptions.rb:17:in `call'
  actionpack (4.2.3) lib/action_dispatch/middleware/show_exceptions.rb:30:in `call'
  railties (4.2.3) lib/rails/rack/logger.rb:38:in `call_app'
  railties (4.2.3) lib/rails/rack/logger.rb:20:in `block in call'
  activesupport (4.2.3) lib/active_support/tagged_logging.rb:68:in `block in tagged'
  activesupport (4.2.3) lib/active_support/tagged_logging.rb:26:in `tagged'
  activesupport (4.2.3) lib/active_support/tagged_logging.rb:68:in `tagged'
  railties (4.2.3) lib/rails/rack/logger.rb:20:in `call'
  quiet_assets (1.1.0) lib/quiet_assets.rb:27:in `call_with_quiet_assets'
  actionpack (4.2.3) lib/action_dispatch/middleware/request_id.rb:21:in `call'
  rack (1.6.4) lib/rack/methodoverride.rb:22:in `call'
  rack (1.6.4) lib/rack/runtime.rb:18:in `call'
  activesupport (4.2.3) lib/active_support/cache/strategy/local_cache_middleware.rb:28:in `call'
  rack (1.6.4) lib/rack/lock.rb:17:in `call'
  actionpack (4.2.3) lib/action_dispatch/middleware/static.rb:116:in `call'
  rack (1.6.4) lib/rack/sendfile.rb:113:in `call'
  airbrake (4.3.0) lib/airbrake/user_informer.rb:16:in `_call'
  airbrake (4.3.0) lib/airbrake/user_informer.rb:12:in `call'
  railties (4.2.3) lib/rails/engine.rb:518:in `call'
  railties (4.2.3) lib/rails/application.rb:165:in `call'
  rack (1.6.4) lib/rack/content_length.rb:15:in `call'
  thin (1.6.3) lib/thin/connection.rb:86:in `block in pre_process'
  thin (1.6.3) lib/thin/connection.rb:84:in `catch'
  thin (1.6.3) lib/thin/connection.rb:84:in `pre_process'
  thin (1.6.3) lib/thin/connection.rb:53:in `process'
  thin (1.6.3) lib/thin/connection.rb:39:in `receive_data'
  eventmachine (1.0.7) lib/eventmachine.rb:187:in `run_machine'
  eventmachine (1.0.7) lib/eventmachine.rb:187:in `run'
  thin (1.6.3) lib/thin/backends/base.rb:73:in `start'
  thin (1.6.3) lib/thin/server.rb:162:in `start'
  rack (1.6.4) lib/rack/handler/thin.rb:19:in `run'
  rack (1.6.4) lib/rack/server.rb:286:in `start'
  railties (4.2.3) lib/rails/commands/server.rb:80:in `start'
  railties (4.2.3) lib/rails/commands/commands_tasks.rb:80:in `block in server'
  railties (4.2.3) lib/rails/commands/commands_tasks.rb:75:in `tap'
  railties (4.2.3) lib/rails/commands/commands_tasks.rb:75:in `server'
  railties (4.2.3) lib/rails/commands/commands_tasks.rb:39:in `run_command!'
  railties (4.2.3) lib/rails/commands.rb:17:in `<top (required)>'
  bin/rails:4:in `require'
  bin/rails:4:in `<main>'



Started POST "/__better_errors/262f44556c016759/variables" for 127.0.0.1 at 2015-10-26 20:52:31 -0700
DEPRECATION WARNING: Currently, Active Record suppresses errors raised within `after_rollback`/`after_commit` callbacks and only print them to the logs. In the next version, these errors will no longer be suppressed. Instead, the errors will propagate normally just like in other Active Record callbacks.

You can opt into the new behavior and remove this warning by setting:

  config.active_record.raise_in_transactional_callbacks = true

 (called from <class:User> at /Users/Abhi/Desktop/storyboard/app/models/user.rb:8)
DEPRECATION WARNING: Currently, Active Record suppresses errors raised within `after_rollback`/`after_commit` callbacks and only print them to the logs. In the next version, these errors will no longer be suppressed. Instead, the errors will propagate normally just like in other Active Record callbacks.

You can opt into the new behavior and remove this warning by setting:

  config.active_record.raise_in_transactional_callbacks = true

 (called from <class:User> at /Users/Abhi/Desktop/storyboard/app/models/user.rb:8)
  [1m[36m (1.0ms)[0m  [1mCREATE TABLE "schema_migrations" ("version" varchar NOT NULL) [0m
  [1m[35m (0.4ms)[0m  select sqlite_version(*)
  [1m[36m (0.9ms)[0m  [1mCREATE UNIQUE INDEX "unique_schema_migrations" ON "schema_migrations" ("version")[0m
  [1m[35mActiveRecord::SchemaMigration Load (0.2ms)[0m  SELECT "schema_migrations".* FROM "schema_migrations"
Migrating to CreateUsers (20130714124350)
  [1m[36m (0.1ms)[0m  [1mbegin transaction[0m
DEPRECATION WARNING: `#timestamps` was called without specifying an option for `null`. In Rails 5, this behavior will change to `null: false`. You should manually specify `null: true` to prevent the behavior of your existing migrations from changing. (called from block in change at /Users/Abhi/Desktop/storyboard/db/migrate/20130714124350_create_users.rb:7)
  [1m[35m (0.4ms)[0m  CREATE TABLE "users" ("id" INTEGER PRIMARY KEY AUTOINCREMENT NOT NULL, "name" varchar, "about" text, "created_at" datetime, "updated_at" datetime) 
  [1m[36mSQL (0.3ms)[0m  [1mINSERT INTO "schema_migrations" ("version") VALUES (?)[0m  [["version", "20130714124350"]]
  [1m[35m (0.8ms)[0m  commit transaction
Migrating to AddDeviseToUsers (20130714124402)
  [1m[36m (0.1ms)[0m  [1mbegin transaction[0m
  [1m[35m (0.3ms)[0m  ALTER TABLE "users" ADD "email" varchar DEFAULT ''
  [1m[36m (0.1ms)[0m  [1mALTER TABLE "users" ADD "encrypted_password" varchar DEFAULT '' NOT NULL[0m
  [1m[35m (0.1ms)[0m  ALTER TABLE "users" ADD "reset_password_token" varchar
  [1m[36m (0.1ms)[0m  [1mALTER TABLE "users" ADD "reset_password_sent_at" datetime[0m
  [1m[35m (0.2ms)[0m  ALTER TABLE "users" ADD "remember_created_at" datetime
  [1m[36m (0.1ms)[0m  [1mALTER TABLE "users" ADD "sign_in_count" integer DEFAULT 0[0m
  [1m[35m (0.1ms)[0m  ALTER TABLE "users" ADD "current_sign_in_at" datetime
  [1m[36m (0.1ms)[0m  [1mALTER TABLE "users" ADD "last_sign_in_at" datetime[0m
  [1m[35m (0.1ms)[0m  ALTER TABLE "users" ADD "current_sign_in_ip" varchar
  [1m[36m (0.1ms)[0m  [1mALTER TABLE "users" ADD "last_sign_in_ip" varchar[0m
  [1m[35m (0.1ms)[0m  ALTER TABLE "users" ADD "confirmation_token" varchar
  [1m[36m (0.1ms)[0m  [1mALTER TABLE "users" ADD "confirmed_at" datetime[0m
  [1m[35m (0.1ms)[0m  ALTER TABLE "users" ADD "confirmation_sent_at" datetime
  [1m[36m (0.1ms)[0m  [1mALTER TABLE "users" ADD "unconfirmed_email" varchar[0m
  [1m[35m (0.1ms)[0m  ALTER TABLE "users" ADD "authentication_token" varchar
  [1m[36m (0.3ms)[0m  [1mCREATE UNIQUE INDEX "index_users_on_email" ON "users" ("email")[0m
  [1m[35m (0.1ms)[0m              SELECT sql
            FROM sqlite_master
            WHERE name='index_users_on_email' AND type='index'
            UNION ALL
            SELECT sql
            FROM sqlite_temp_master
            WHERE name='index_users_on_email' AND type='index'

  [1m[36m (0.1ms)[0m  [1mCREATE UNIQUE INDEX "index_users_on_reset_password_token" ON "users" ("reset_password_token")[0m
  [1m[35m (0.0ms)[0m              SELECT sql
            FROM sqlite_master
            WHERE name='index_users_on_reset_password_token' AND type='index'
            UNION ALL
            SELECT sql
            FROM sqlite_temp_master
            WHERE name='index_users_on_reset_password_token' AND type='index'

  [1m[36m (0.0ms)[0m  [1m            SELECT sql
            FROM sqlite_master
            WHERE name='index_users_on_email' AND type='index'
            UNION ALL
            SELECT sql
            FROM sqlite_temp_master
            WHERE name='index_users_on_email' AND type='index'
[0m
  [1m[35m (0.3ms)[0m  CREATE UNIQUE INDEX "index_users_on_confirmation_token" ON "users" ("confirmation_token")
  [1m[36m (0.0ms)[0m  [1m            SELECT sql
            FROM sqlite_master
            WHERE name='index_users_on_confirmation_token' AND type='index'
            UNION ALL
            SELECT sql
            FROM sqlite_temp_master
            WHERE name='index_users_on_confirmation_token' AND type='index'
[0m
  [1m[35m (0.1ms)[0m              SELECT sql
            FROM sqlite_master
            WHERE name='index_users_on_reset_password_token' AND type='index'
            UNION ALL
            SELECT sql
            FROM sqlite_temp_master
            WHERE name='index_users_on_reset_password_token' AND type='index'

  [1m[36m (0.1ms)[0m  [1m            SELECT sql
            FROM sqlite_master
            WHERE name='index_users_on_email' AND type='index'
            UNION ALL
            SELECT sql
            FROM sqlite_temp_master
            WHERE name='index_users_on_email' AND type='index'
[0m
  [1m[35m (0.1ms)[0m  CREATE UNIQUE INDEX "index_users_on_authentication_token" ON "users" ("authentication_token")
  [1m[36mSQL (0.1ms)[0m  [1mINSERT INTO "schema_migrations" ("version") VALUES (?)[0m  [["version", "20130714124402"]]
  [1m[35m (0.9ms)[0m  commit transaction
Migrating to CreateAuthorizations (20130714145508)
  [1m[36m (0.3ms)[0m  [1mbegin transaction[0m
DEPRECATION WARNING: `#timestamps` was called without specifying an option for `null`. In Rails 5, this behavior will change to `null: false`. You should manually specify `null: true` to prevent the behavior of your existing migrations from changing. (called from block in change at /Users/Abhi/Desktop/storyboard/db/migrate/20130714145508_create_authorizations.rb:10)
  [1m[35m (0.3ms)[0m  CREATE TABLE "authorizations" ("id" INTEGER PRIMARY KEY AUTOINCREMENT NOT NULL, "provider" varchar, "uid" varchar, "user_id" integer, "token" varchar, "secret" varchar, "created_at" datetime, "updated_at" datetime) 
  [1m[36mSQL (0.1ms)[0m  [1mINSERT INTO "schema_migrations" ("version") VALUES (?)[0m  [["version", "20130714145508"]]
  [1m[35m (0.8ms)[0m  commit transaction
Migrating to AddImageToUser (20130714201233)
  [1m[36m (0.1ms)[0m  [1mbegin transaction[0m
  [1m[35m (0.4ms)[0m  ALTER TABLE "users" ADD "image" varchar
  [1m[36mSQL (0.1ms)[0m  [1mINSERT INTO "schema_migrations" ("version") VALUES (?)[0m  [["version", "20130714201233"]]
  [1m[35m (0.7ms)[0m  commit transaction
Migrating to AddUsernameToAuthorization (20130714204601)
  [1m[36m (0.1ms)[0m  [1mbegin transaction[0m
  [1m[35m (0.3ms)[0m  ALTER TABLE "authorizations" ADD "username" varchar
  [1m[36mSQL (0.2ms)[0m  [1mINSERT INTO "schema_migrations" ("version") VALUES (?)[0m  [["version", "20130714204601"]]
  [1m[35m (0.7ms)[0m  commit transaction
Migrating to AddLocationToUsers (20130714210222)
  [1m[36m (0.1ms)[0m  [1mbegin transaction[0m
  [1m[35m (0.4ms)[0m  ALTER TABLE "users" ADD "location" varchar
  [1m[36mSQL (0.1ms)[0m  [1mINSERT INTO "schema_migrations" ("version") VALUES (?)[0m  [["version", "20130714210222"]]
  [1m[35m (0.8ms)[0m  commit transaction
Migrating to AddUsernameToUsers (20130714212638)
  [1m[36m (0.1ms)[0m  [1mbegin transaction[0m
  [1m[35m (0.4ms)[0m  ALTER TABLE "users" ADD "username" varchar
  [1m[36mSQL (0.1ms)[0m  [1mINSERT INTO "schema_migrations" ("version") VALUES (?)[0m  [["version", "20130714212638"]]
  [1m[35m (0.7ms)[0m  commit transaction
Migrating to DeviseCreateAdminUsers (20131108204716)
  [1m[36m (1.9ms)[0m  [1mbegin transaction[0m
DEPRECATION WARNING: `#timestamps` was called without specifying an option for `null`. In Rails 5, this behavior will change to `null: false`. You should manually specify `null: true` to prevent the behavior of your existing migrations from changing. (called from block in change at /Users/Abhi/Desktop/storyboard/db/migrate/20131108204716_devise_create_admin_users.rb:43)
  [1m[35m (0.4ms)[0m  CREATE TABLE "admin_users" ("id" INTEGER PRIMARY KEY AUTOINCREMENT NOT NULL, "email" varchar DEFAULT '' NOT NULL, "encrypted_password" varchar DEFAULT '' NOT NULL, "reset_password_token" varchar, "reset_password_sent_at" datetime, "remember_created_at" datetime, "sign_in_count" integer DEFAULT 0, "current_sign_in_at" datetime, "last_sign_in_at" datetime, "current_sign_in_ip" varchar, "last_sign_in_ip" varchar, "created_at" datetime, "updated_at" datetime) 
  [1m[36m (0.3ms)[0m  [1mCREATE UNIQUE INDEX "index_admin_users_on_email" ON "admin_users" ("email")[0m
  [1m[35m (0.1ms)[0m              SELECT sql
            FROM sqlite_master
            WHERE name='index_admin_users_on_email' AND type='index'
            UNION ALL
            SELECT sql
            FROM sqlite_temp_master
            WHERE name='index_admin_users_on_email' AND type='index'

  [1m[36m (0.1ms)[0m  [1mCREATE UNIQUE INDEX "index_admin_users_on_reset_password_token" ON "admin_users" ("reset_password_token")[0m
  [1m[35mAdminUser Exists (0.1ms)[0m  SELECT  1 AS one FROM "admin_users" WHERE "admin_users"."email" = 'admin@cbs.com' LIMIT 1
  [1m[36mSQL (0.1ms)[0m  [1mINSERT INTO "admin_users" ("email", "encrypted_password", "created_at", "updated_at") VALUES (?, ?, ?, ?)[0m  [["email", "admin@cbs.com"], ["encrypted_password", "$2a$10$GpR0bjJnjd1osEJk46frT.n5w1w3xjY./HGUxnPQZdydjevoRzxFO"], ["created_at", "2015-10-27 03:52:56.839142"], ["updated_at", "2015-10-27 03:52:56.839142"]]
  [1m[35mSQL (0.1ms)[0m  INSERT INTO "schema_migrations" ("version") VALUES (?)  [["version", "20131108204716"]]
  [1m[36m (1.1ms)[0m  [1mcommit transaction[0m
Migrating to CreateAdminNotes (20131108204722)
  [1m[35m (0.1ms)[0m  begin transaction
DEPRECATION WARNING: `#timestamps` was called without specifying an option for `null`. In Rails 5, this behavior will change to `null: false`. You should manually specify `null: true` to prevent the behavior of your existing migrations from changing. (called from block in up at /Users/Abhi/Desktop/storyboard/db/migrate/20131108204722_create_admin_notes.rb:8)
  [1m[36m (0.3ms)[0m  [1mCREATE TABLE "admin_notes" ("id" INTEGER PRIMARY KEY AUTOINCREMENT NOT NULL, "resource_id" varchar NOT NULL, "resource_type" varchar NOT NULL, "admin_user_id" integer, "admin_user_type" varchar, "body" text, "created_at" datetime, "updated_at" datetime) [0m
  [1m[35m (0.1ms)[0m  CREATE  INDEX "index_admin_notes_on_resource_type_and_resource_id" ON "admin_notes" ("resource_type", "resource_id")
  [1m[36m (0.1ms)[0m  [1m            SELECT sql
            FROM sqlite_master
            WHERE name='index_admin_notes_on_resource_type_and_resource_id' AND type='index'
            UNION ALL
            SELECT sql
            FROM sqlite_temp_master
            WHERE name='index_admin_notes_on_resource_type_and_resource_id' AND type='index'
[0m
  [1m[35m (0.1ms)[0m  CREATE  INDEX "index_admin_notes_on_admin_user_type_and_admin_user_id" ON "admin_notes" ("admin_user_type", "admin_user_id")
  [1m[36mSQL (0.1ms)[0m  [1mINSERT INTO "schema_migrations" ("version") VALUES (?)[0m  [["version", "20131108204722"]]
  [1m[35m (0.8ms)[0m  commit transaction
Migrating to MoveAdminNotesToComments (20131108204723)
  [1m[36m (0.1ms)[0m  [1mbegin transaction[0m
  [1m[35m (0.1ms)[0m              SELECT sql
            FROM sqlite_master
            WHERE name='index_admin_notes_on_admin_user_type_and_admin_user_id' AND type='index'
            UNION ALL
            SELECT sql
            FROM sqlite_temp_master
            WHERE name='index_admin_notes_on_admin_user_type_and_admin_user_id' AND type='index'

  [1m[36m (0.1ms)[0m  [1m            SELECT sql
            FROM sqlite_master
            WHERE name='index_admin_notes_on_resource_type_and_resource_id' AND type='index'
            UNION ALL
            SELECT sql
            FROM sqlite_temp_master
            WHERE name='index_admin_notes_on_resource_type_and_resource_id' AND type='index'
[0m
  [1m[35m (0.2ms)[0m  DROP INDEX "index_admin_notes_on_admin_user_type_and_admin_user_id"
  [1m[36m (0.5ms)[0m  [1mALTER TABLE "admin_notes" RENAME TO "active_admin_comments"[0m
  [1m[35m (0.1ms)[0m              SELECT sql
            FROM sqlite_master
            WHERE name='index_admin_notes_on_resource_type_and_resource_id' AND type='index'
            UNION ALL
            SELECT sql
            FROM sqlite_temp_master
            WHERE name='index_admin_notes_on_resource_type_and_resource_id' AND type='index'

  [1m[36m (0.1ms)[0m  [1m            SELECT sql
            FROM sqlite_master
            WHERE name='index_admin_notes_on_resource_type_and_resource_id' AND type='index'
            UNION ALL
            SELECT sql
            FROM sqlite_temp_master
            WHERE name='index_admin_notes_on_resource_type_and_resource_id' AND type='index'
[0m
  [1m[35m (0.1ms)[0m              SELECT sql
            FROM sqlite_master
            WHERE name='index_admin_notes_on_resource_type_and_resource_id' AND type='index'
            UNION ALL
            SELECT sql
            FROM sqlite_temp_master
            WHERE name='index_admin_notes_on_resource_type_and_resource_id' AND type='index'

  [1m[36m (0.1ms)[0m  [1mCREATE  INDEX "index_active_admin_comments_on_resource_type_and_resource_id" ON "active_admin_comments" ("resource_type", "resource_id")[0m
  [1m[35m (0.0ms)[0m              SELECT sql
            FROM sqlite_master
            WHERE name='index_active_admin_comments_on_resource_type_and_resource_id' AND type='index'
            UNION ALL
            SELECT sql
            FROM sqlite_temp_master
            WHERE name='index_active_admin_comments_on_resource_type_and_resource_id' AND type='index'

  [1m[36m (0.0ms)[0m  [1m            SELECT sql
            FROM sqlite_master
            WHERE name='index_admin_notes_on_resource_type_and_resource_id' AND type='index'
            UNION ALL
            SELECT sql
            FROM sqlite_temp_master
            WHERE name='index_admin_notes_on_resource_type_and_resource_id' AND type='index'
[0m
  [1m[35m (0.3ms)[0m  DROP INDEX "index_admin_notes_on_resource_type_and_resource_id"
  [1m[36m (0.3ms)[0m  [1mCREATE TEMPORARY TABLE "aactive_admin_comments" ("id" INTEGER PRIMARY KEY AUTOINCREMENT NOT NULL, "resource_id" varchar NOT NULL, "resource_type" varchar NOT NULL, "admin_user_id" integer, "author_type" varchar, "body" text, "created_at" datetime, "updated_at" datetime) [0m
  [1m[35m (0.1ms)[0m              SELECT sql
            FROM sqlite_master
            WHERE name='index_active_admin_comments_on_resource_type_and_resource_id' AND type='index'
            UNION ALL
            SELECT sql
            FROM sqlite_temp_master
            WHERE name='index_active_admin_comments_on_resource_type_and_resource_id' AND type='index'

  [1m[36m (0.1ms)[0m  [1mCREATE  INDEX "tindex_aactive_admin_comments_on_resource_type_and_resource_id" ON "aactive_admin_comments" ("resource_type", "resource_id")[0m
  [1m[35m (0.0ms)[0m  SELECT * FROM "active_admin_comments"
  [1m[36m (0.1ms)[0m  [1mDROP TABLE "active_admin_comments"[0m
  [1m[35m (0.1ms)[0m  CREATE TABLE "active_admin_comments" ("id" INTEGER PRIMARY KEY AUTOINCREMENT NOT NULL, "resource_id" varchar NOT NULL, "resource_type" varchar NOT NULL, "admin_user_id" integer, "author_type" varchar, "body" text, "created_at" datetime, "updated_at" datetime) 
  [1m[36m (0.0ms)[0m  [1m            SELECT sql
            FROM sqlite_master
            WHERE name='tindex_aactive_admin_comments_on_resource_type_and_resource_id' AND type='index'
            UNION ALL
            SELECT sql
            FROM sqlite_temp_master
            WHERE name='tindex_aactive_admin_comments_on_resource_type_and_resource_id' AND type='index'
[0m
  [1m[35m (0.1ms)[0m  CREATE  INDEX "index_active_admin_comments_on_resource_type_and_resource_id" ON "active_admin_comments" ("resource_type", "resource_id")
  [1m[36m (0.0ms)[0m  [1mSELECT * FROM "aactive_admin_comments"[0m
  [1m[35m (0.3ms)[0m  DROP TABLE "aactive_admin_comments"
  [1m[36m (0.1ms)[0m  [1m            SELECT sql
            FROM sqlite_master
            WHERE name='index_active_admin_comments_on_resource_type_and_resource_id' AND type='index'
            UNION ALL
            SELECT sql
            FROM sqlite_temp_master
            WHERE name='index_active_admin_comments_on_resource_type_and_resource_id' AND type='index'
[0m
  [1m[35m (0.1ms)[0m  CREATE TEMPORARY TABLE "aactive_admin_comments" ("id" INTEGER PRIMARY KEY AUTOINCREMENT NOT NULL, "resource_id" varchar NOT NULL, "resource_type" varchar NOT NULL, "author_id" integer, "author_type" varchar, "body" text, "created_at" datetime, "updated_at" datetime) 
  [1m[36m (0.0ms)[0m  [1m            SELECT sql
            FROM sqlite_master
            WHERE name='index_active_admin_comments_on_resource_type_and_resource_id' AND type='index'
            UNION ALL
            SELECT sql
            FROM sqlite_temp_master
            WHERE name='index_active_admin_comments_on_resource_type_and_resource_id' AND type='index'
[0m
  [1m[35m (0.1ms)[0m  CREATE  INDEX "tindex_aactive_admin_comments_on_resource_type_and_resource_id" ON "aactive_admin_comments" ("resource_type", "resource_id")
  [1m[36m (0.0ms)[0m  [1mSELECT * FROM "active_admin_comments"[0m
  [1m[35m (0.1ms)[0m  DROP TABLE "active_admin_comments"
  [1m[36m (0.1ms)[0m  [1mCREATE TABLE "active_admin_comments" ("id" INTEGER PRIMARY KEY AUTOINCREMENT NOT NULL, "resource_id" varchar NOT NULL, "resource_type" varchar NOT NULL, "author_id" integer, "author_type" varchar, "body" text, "created_at" datetime, "updated_at" datetime) [0m
  [1m[35m (0.0ms)[0m              SELECT sql
            FROM sqlite_master
            WHERE name='tindex_aactive_admin_comments_on_resource_type_and_resource_id' AND type='index'
            UNION ALL
            SELECT sql
            FROM sqlite_temp_master
            WHERE name='tindex_aactive_admin_comments_on_resource_type_and_resource_id' AND type='index'

  [1m[36m (0.1ms)[0m  [1mCREATE  INDEX "index_active_admin_comments_on_resource_type_and_resource_id" ON "active_admin_comments" ("resource_type", "resource_id")[0m
  [1m[35m (0.0ms)[0m  SELECT * FROM "aactive_admin_comments"
  [1m[36m (0.1ms)[0m  [1mDROP TABLE "aactive_admin_comments"[0m
  [1m[35m (0.1ms)[0m              SELECT sql
            FROM sqlite_master
            WHERE name='index_active_admin_comments_on_resource_type_and_resource_id' AND type='index'
            UNION ALL
            SELECT sql
            FROM sqlite_temp_master
            WHERE name='index_active_admin_comments_on_resource_type_and_resource_id' AND type='index'

  [1m[36m (0.2ms)[0m  [1mALTER TABLE "active_admin_comments" ADD "namespace" varchar[0m
  [1m[35m (0.1ms)[0m              SELECT sql
            FROM sqlite_master
            WHERE name='index_active_admin_comments_on_resource_type_and_resource_id' AND type='index'
            UNION ALL
            SELECT sql
            FROM sqlite_temp_master
            WHERE name='index_active_admin_comments_on_resource_type_and_resource_id' AND type='index'

  [1m[36m (0.1ms)[0m  [1mCREATE  INDEX "index_active_admin_comments_on_namespace" ON "active_admin_comments" ("namespace")[0m
  [1m[35m (0.0ms)[0m              SELECT sql
            FROM sqlite_master
            WHERE name='index_active_admin_comments_on_namespace' AND type='index'
            UNION ALL
            SELECT sql
            FROM sqlite_temp_master
            WHERE name='index_active_admin_comments_on_namespace' AND type='index'

  [1m[36m (0.0ms)[0m  [1m            SELECT sql
            FROM sqlite_master
            WHERE name='index_active_admin_comments_on_resource_type_and_resource_id' AND type='index'
            UNION ALL
            SELECT sql
            FROM sqlite_temp_master
            WHERE name='index_active_admin_comments_on_resource_type_and_resource_id' AND type='index'
[0m
  [1m[35m (0.1ms)[0m  CREATE  INDEX "index_active_admin_comments_on_author_type_and_author_id" ON "active_admin_comments" ("author_type", "author_id")
  [1m[36m (0.1ms)[0m  [1mUPDATE active_admin_comments SET namespace='admin'[0m
  [1m[35mSQL (0.1ms)[0m  INSERT INTO "schema_migrations" ("version") VALUES (?)  [["version", "20131108204723"]]
  [1m[36m (1.1ms)[0m  [1mcommit transaction[0m
  [1m[35mActiveRecord::SchemaMigration Load (0.1ms)[0m  SELECT "schema_migrations".* FROM "schema_migrations"
  [1m[36m (0.1ms)[0m  [1m            SELECT sql
            FROM sqlite_master
            WHERE name='index_active_admin_comments_on_author_type_and_author_id' AND type='index'
            UNION ALL
            SELECT sql
            FROM sqlite_temp_master
            WHERE name='index_active_admin_comments_on_author_type_and_author_id' AND type='index'
[0m
  [1m[35m (0.1ms)[0m              SELECT sql
            FROM sqlite_master
            WHERE name='index_active_admin_comments_on_namespace' AND type='index'
            UNION ALL
            SELECT sql
            FROM sqlite_temp_master
            WHERE name='index_active_admin_comments_on_namespace' AND type='index'

  [1m[36m (0.1ms)[0m  [1m            SELECT sql
            FROM sqlite_master
            WHERE name='index_active_admin_comments_on_resource_type_and_resource_id' AND type='index'
            UNION ALL
            SELECT sql
            FROM sqlite_temp_master
            WHERE name='index_active_admin_comments_on_resource_type_and_resource_id' AND type='index'
[0m
  [1m[35m (0.1ms)[0m              SELECT sql
            FROM sqlite_master
            WHERE name='index_admin_users_on_reset_password_token' AND type='index'
            UNION ALL
            SELECT sql
            FROM sqlite_temp_master
            WHERE name='index_admin_users_on_reset_password_token' AND type='index'

  [1m[36m (0.1ms)[0m  [1m            SELECT sql
            FROM sqlite_master
            WHERE name='index_admin_users_on_email' AND type='index'
            UNION ALL
            SELECT sql
            FROM sqlite_temp_master
            WHERE name='index_admin_users_on_email' AND type='index'
[0m
  [1m[35m (0.1ms)[0m              SELECT sql
            FROM sqlite_master
            WHERE name='index_users_on_authentication_token' AND type='index'
            UNION ALL
            SELECT sql
            FROM sqlite_temp_master
            WHERE name='index_users_on_authentication_token' AND type='index'

  [1m[36m (0.1ms)[0m  [1m            SELECT sql
            FROM sqlite_master
            WHERE name='index_users_on_confirmation_token' AND type='index'
            UNION ALL
            SELECT sql
            FROM sqlite_temp_master
            WHERE name='index_users_on_confirmation_token' AND type='index'
[0m
  [1m[35m (0.1ms)[0m              SELECT sql
            FROM sqlite_master
            WHERE name='index_users_on_reset_password_token' AND type='index'
            UNION ALL
            SELECT sql
            FROM sqlite_temp_master
            WHERE name='index_users_on_reset_password_token' AND type='index'

  [1m[36m (0.1ms)[0m  [1m            SELECT sql
            FROM sqlite_master
            WHERE name='index_users_on_email' AND type='index'
            UNION ALL
            SELECT sql
            FROM sqlite_temp_master
            WHERE name='index_users_on_email' AND type='index'
[0m


Started GET "/" for 127.0.0.1 at 2015-10-26 20:53:07 -0700
DEPRECATION WARNING: Currently, Active Record suppresses errors raised within `after_rollback`/`after_commit` callbacks and only print them to the logs. In the next version, these errors will no longer be suppressed. Instead, the errors will propagate normally just like in other Active Record callbacks.

You can opt into the new behavior and remove this warning by setting:

  config.active_record.raise_in_transactional_callbacks = true

 (called from <class:User> at /Users/Abhi/Desktop/storyboard/app/models/user.rb:8)
DEPRECATION WARNING: Currently, Active Record suppresses errors raised within `after_rollback`/`after_commit` callbacks and only print them to the logs. In the next version, these errors will no longer be suppressed. Instead, the errors will propagate normally just like in other Active Record callbacks.

You can opt into the new behavior and remove this warning by setting:

  config.active_record.raise_in_transactional_callbacks = true

 (called from <class:User> at /Users/Abhi/Desktop/storyboard/app/models/user.rb:8)
  [1m[36mActiveRecord::SchemaMigration Load (0.1ms)[0m  [1mSELECT "schema_migrations".* FROM "schema_migrations"[0m
Processing by PagesController#landing as HTML
  Rendered pages/landing.html.erb within layouts/application (3.0ms)
Completed 200 OK in 7370ms (Views: 7359.1ms | ActiveRecord: 0.0ms)


Started GET "/" for 127.0.0.1 at 2015-10-26 20:53:27 -0700
Processing by PagesController#landing as HTML
  Rendered pages/landing.html.erb within layouts/application (0.4ms)
Completed 200 OK in 159ms (Views: 158.6ms | ActiveRecord: 0.0ms)


Started GET "/" for 127.0.0.1 at 2015-10-26 21:11:56 -0700
Processing by PagesController#landing as HTML
  Rendered pages/landing.html.erb within layouts/application (0.3ms)
Completed 200 OK in 179ms (Views: 178.6ms | ActiveRecord: 0.0ms)


Started GET "/" for 127.0.0.1 at 2015-10-26 21:19:28 -0700
Processing by PagesController#landing as HTML
  Rendered pages/landing.html.erb within layouts/application (0.3ms)
Completed 200 OK in 188ms (Views: 187.4ms | ActiveRecord: 0.0ms)


Started GET "/" for 127.0.0.1 at 2015-10-26 21:21:38 -0700
Processing by PagesController#landing as HTML
  Rendered pages/landing.html.erb within layouts/application (0.3ms)
Completed 200 OK in 154ms (Views: 153.0ms | ActiveRecord: 0.0ms)


Started GET "/" for 127.0.0.1 at 2015-10-26 21:26:34 -0700
Processing by PagesController#landing as HTML
  Rendered pages/landing.html.erb within layouts/application (0.3ms)
Completed 200 OK in 155ms (Views: 153.7ms | ActiveRecord: 0.0ms)


Started GET "/" for 127.0.0.1 at 2015-10-26 21:26:57 -0700
Processing by PagesController#landing as HTML
  Rendered pages/landing.html.erb within layouts/application (0.3ms)
Completed 200 OK in 146ms (Views: 145.4ms | ActiveRecord: 0.0ms)


Started GET "/" for 127.0.0.1 at 2015-10-26 21:26:58 -0700
Processing by PagesController#landing as HTML
  Rendered pages/landing.html.erb within layouts/application (0.1ms)
Completed 200 OK in 495ms (Views: 492.6ms | ActiveRecord: 0.0ms)


Started GET "/" for 127.0.0.1 at 2015-10-26 21:27:00 -0700
Processing by PagesController#landing as HTML
  Rendered pages/landing.html.erb within layouts/application (0.0ms)
Completed 200 OK in 144ms (Views: 142.8ms | ActiveRecord: 0.0ms)


Started GET "/" for 127.0.0.1 at 2015-10-26 21:27:44 -0700
Processing by PagesController#landing as HTML
  Rendered pages/landing.html.erb within layouts/application (0.0ms)
Completed 200 OK in 146ms (Views: 145.0ms | ActiveRecord: 0.0ms)


Started GET "/" for 127.0.0.1 at 2015-10-26 21:28:46 -0700
Processing by PagesController#landing as HTML
  Rendered pages/landing.html.erb within layouts/application (0.0ms)
Completed 200 OK in 150ms (Views: 149.4ms | ActiveRecord: 0.0ms)


Started GET "/users/sign_in" for 127.0.0.1 at 2015-10-26 21:28:54 -0700
Processing by Devise::SessionsController#new as HTML
  Rendered /Users/Abhi/.rvm/gems/ruby-2.2.1/gems/devise-3.5.1/app/views/devise/shared/_links.html.erb (3.1ms)
  Rendered /Users/Abhi/.rvm/gems/ruby-2.2.1/gems/devise-3.5.1/app/views/devise/sessions/new.html.erb within layouts/application (32.7ms)
Completed 200 OK in 200ms (Views: 183.1ms | ActiveRecord: 0.5ms)


Started GET "/users/auth/facebook" for 127.0.0.1 at 2015-10-26 21:28:57 -0700


Started GET "/users/auth/facebook" for 127.0.0.1 at 2015-10-26 21:28:58 -0700


Started GET "/users/sign_in" for 127.0.0.1 at 2015-10-26 21:32:18 -0700
Processing by Devise::SessionsController#new as HTML
  Rendered /Users/Abhi/.rvm/gems/ruby-2.2.1/gems/devise-3.5.1/app/views/devise/shared/_links.html.erb (0.9ms)
  Rendered /Users/Abhi/.rvm/gems/ruby-2.2.1/gems/devise-3.5.1/app/views/devise/sessions/new.html.erb within layouts/application (4.5ms)
Completed 200 OK in 161ms (Views: 160.0ms | ActiveRecord: 0.0ms)


Started GET "/" for 127.0.0.1 at 2015-10-26 21:32:21 -0700
Processing by PagesController#landing as HTML
  Rendered pages/landing.html.erb within layouts/application (0.1ms)
Completed 200 OK in 145ms (Views: 143.8ms | ActiveRecord: 0.0ms)


Started GET "/" for 127.0.0.1 at 2015-10-26 21:32:28 -0700
Processing by PagesController#landing as HTML
  Rendered pages/landing.html.erb within layouts/application (0.0ms)
Completed 200 OK in 149ms (Views: 148.2ms | ActiveRecord: 0.0ms)


Started GET "/" for 127.0.0.1 at 2015-10-26 21:32:53 -0700
Processing by PagesController#landing as HTML
  Rendered pages/landing.html.erb within layouts/application (0.0ms)
Completed 200 OK in 146ms (Views: 145.2ms | ActiveRecord: 0.0ms)


Started GET "/users/sign_in" for 127.0.0.1 at 2015-10-26 21:34:41 -0700
Processing by Devise::SessionsController#new as HTML
  Rendered /Users/Abhi/.rvm/gems/ruby-2.2.1/gems/devise-3.5.1/app/views/devise/shared/_links.html.erb (0.9ms)
  Rendered /Users/Abhi/.rvm/gems/ruby-2.2.1/gems/devise-3.5.1/app/views/devise/sessions/new.html.erb within layouts/application (4.7ms)
Completed 200 OK in 148ms (Views: 146.4ms | ActiveRecord: 0.0ms)


Started GET "/" for 127.0.0.1 at 2015-10-27 21:15:34 -0700
Processing by PagesController#landing as HTML
  Rendered pages/landing.html.erb within layouts/application (0.5ms)
Completed 200 OK in 352ms (Views: 346.6ms | ActiveRecord: 0.0ms)


Started GET "/" for 127.0.0.1 at 2015-10-27 21:15:35 -0700
Processing by PagesController#landing as HTML
  Rendered pages/landing.html.erb within layouts/application (0.0ms)
Completed 200 OK in 170ms (Views: 168.8ms | ActiveRecord: 0.0ms)


Started GET "/" for 127.0.0.1 at 2015-10-27 23:44:05 -0700
Processing by PagesController#landing as HTML
  Rendered pages/landing.html.erb within layouts/application (0.0ms)
Completed 200 OK in 168ms (Views: 167.0ms | ActiveRecord: 0.0ms)


Started GET "/" for 127.0.0.1 at 2015-10-27 23:44:28 -0700
Processing by PagesController#landing as HTML
  Rendered pages/landing.html.erb within layouts/application (0.0ms)
Completed 200 OK in 146ms (Views: 145.3ms | ActiveRecord: 0.0ms)


Started GET "/" for 127.0.0.1 at 2015-10-28 00:14:53 -0700
Processing by PagesController#landing as HTML
  Rendered pages/landing.html.erb within layouts/application (0.0ms)
Completed 200 OK in 161ms (Views: 160.3ms | ActiveRecord: 0.0ms)


Started GET "/" for 127.0.0.1 at 2015-10-28 00:15:20 -0700
Processing by PagesController#landing as HTML
  Rendered pages/landing.html.erb within layouts/application (0.0ms)
Completed 200 OK in 159ms (Views: 158.4ms | ActiveRecord: 0.0ms)


Started GET "/" for 127.0.0.1 at 2015-10-28 00:15:23 -0700
Processing by PagesController#landing as HTML
  Rendered pages/landing.html.erb within layouts/application (0.0ms)
Completed 200 OK in 122ms (Views: 121.3ms | ActiveRecord: 0.0ms)


Started GET "/users/sign_in" for 127.0.0.1 at 2015-10-28 12:30:50 -0700
Processing by Devise::SessionsController#new as HTML
  Rendered /Users/Abhi/.rvm/gems/ruby-2.2.1/gems/devise-3.5.1/app/views/devise/shared/_links.html.erb (6.3ms)
  Rendered /Users/Abhi/.rvm/gems/ruby-2.2.1/gems/devise-3.5.1/app/views/devise/sessions/new.html.erb within layouts/application (38.6ms)
Completed 200 OK in 462ms (Views: 426.1ms | ActiveRecord: 0.0ms)


Started GET "/users/auth/facebook" for 127.0.0.1 at 2015-10-28 12:30:53 -0700


Started GET "/users/auth/facebook" for 127.0.0.1 at 2015-10-28 12:30:53 -0700


Started GET "/" for 127.0.0.1 at 2015-10-28 12:31:00 -0700
Processing by PagesController#landing as HTML
  Rendered pages/landing.html.erb within layouts/application (0.1ms)
Completed 200 OK in 181ms (Views: 179.9ms | ActiveRecord: 0.0ms)


Started GET "/" for 127.0.0.1 at 2015-10-28 12:32:55 -0700
Processing by PagesController#landing as HTML
  Rendered pages/landing.html.erb within layouts/application (9.7ms)
Completed 200 OK in 181ms (Views: 180.2ms | ActiveRecord: 0.0ms)


Started GET "/" for 127.0.0.1 at 2015-10-28 12:33:23 -0700
Processing by PagesController#landing as HTML
  Rendered pages/landing.html.erb within layouts/application (0.0ms)
Completed 200 OK in 165ms (Views: 164.3ms | ActiveRecord: 0.0ms)


Started GET "/" for 127.0.0.1 at 2015-10-28 12:43:43 -0700
Processing by PagesController#landing as HTML
  Rendered pages/landing.html.erb within layouts/application (0.4ms)
Completed 200 OK in 164ms (Views: 162.8ms | ActiveRecord: 0.0ms)


Started GET "/" for 127.0.0.1 at 2015-10-28 12:44:19 -0700
Processing by PagesController#landing as HTML
  Rendered pages/landing.html.erb within layouts/application (0.0ms)
Completed 200 OK in 155ms (Views: 153.8ms | ActiveRecord: 0.0ms)


Started GET "/users/sign_in" for 127.0.0.1 at 2015-10-28 12:47:38 -0700
Processing by Devise::SessionsController#new as HTML
  Rendered /Users/Abhi/.rvm/gems/ruby-2.2.1/gems/devise-3.5.1/app/views/devise/shared/_links.html.erb (1.6ms)
  Rendered /Users/Abhi/.rvm/gems/ruby-2.2.1/gems/devise-3.5.1/app/views/devise/sessions/new.html.erb within layouts/application (5.7ms)
Completed 200 OK in 172ms (Views: 170.8ms | ActiveRecord: 0.0ms)


Started GET "/users/auth/facebook" for 127.0.0.1 at 2015-10-28 12:51:31 -0700


Started GET "/users/auth/facebook" for 127.0.0.1 at 2015-10-28 12:51:31 -0700


Started GET "/users/sign_in" for 127.0.0.1 at 2015-10-28 12:53:00 -0700
Processing by Devise::SessionsController#new as HTML
  Rendered /Users/Abhi/.rvm/gems/ruby-2.2.1/gems/devise-3.5.1/app/views/devise/shared/_links.html.erb (1.1ms)
  Rendered /Users/Abhi/.rvm/gems/ruby-2.2.1/gems/devise-3.5.1/app/views/devise/sessions/new.html.erb within layouts/application (5.1ms)
Completed 200 OK in 172ms (Views: 171.3ms | ActiveRecord: 0.0ms)


Started GET "/users/sign_in" for 127.0.0.1 at 2015-10-28 13:43:57 -0700
Processing by Devise::SessionsController#new as HTML
  Rendered /Users/Abhi/.rvm/gems/ruby-2.2.1/gems/devise-3.5.1/app/views/devise/shared/_links.html.erb (1.1ms)
  Rendered /Users/Abhi/.rvm/gems/ruby-2.2.1/gems/devise-3.5.1/app/views/devise/sessions/new.html.erb within layouts/application (5.7ms)
Completed 200 OK in 176ms (Views: 174.0ms | ActiveRecord: 0.0ms)


Started GET "/users/sign_in" for 127.0.0.1 at 2015-10-28 13:46:46 -0700
DEPRECATION WARNING: Currently, Active Record suppresses errors raised within `after_rollback`/`after_commit` callbacks and only print them to the logs. In the next version, these errors will no longer be suppressed. Instead, the errors will propagate normally just like in other Active Record callbacks.

You can opt into the new behavior and remove this warning by setting:

  config.active_record.raise_in_transactional_callbacks = true

 (called from <class:User> at /Users/Abhi/Desktop/storyboard/app/models/user.rb:8)
DEPRECATION WARNING: Currently, Active Record suppresses errors raised within `after_rollback`/`after_commit` callbacks and only print them to the logs. In the next version, these errors will no longer be suppressed. Instead, the errors will propagate normally just like in other Active Record callbacks.

You can opt into the new behavior and remove this warning by setting:

  config.active_record.raise_in_transactional_callbacks = true

 (called from <class:User> at /Users/Abhi/Desktop/storyboard/app/models/user.rb:8)
Processing by Devise::SessionsController#new as HTML
  Rendered /Users/Abhi/.rvm/gems/ruby-2.2.1/gems/devise-3.5.1/app/views/devise/shared/_links.html.erb (1.1ms)
  Rendered /Users/Abhi/.rvm/gems/ruby-2.2.1/gems/devise-3.5.1/app/views/devise/sessions/new.html.erb within layouts/application (5.1ms)
Completed 200 OK in 169ms (Views: 156.0ms | ActiveRecord: 1.4ms)


Started GET "/users/sign_in" for 127.0.0.1 at 2015-10-28 13:50:22 -0700
DEPRECATION WARNING: Currently, Active Record suppresses errors raised within `after_rollback`/`after_commit` callbacks and only print them to the logs. In the next version, these errors will no longer be suppressed. Instead, the errors will propagate normally just like in other Active Record callbacks.

You can opt into the new behavior and remove this warning by setting:

  config.active_record.raise_in_transactional_callbacks = true

 (called from <class:User> at /Users/Abhi/Desktop/storyboard/app/models/user.rb:8)
DEPRECATION WARNING: Currently, Active Record suppresses errors raised within `after_rollback`/`after_commit` callbacks and only print them to the logs. In the next version, these errors will no longer be suppressed. Instead, the errors will propagate normally just like in other Active Record callbacks.

You can opt into the new behavior and remove this warning by setting:

  config.active_record.raise_in_transactional_callbacks = true

 (called from <class:User> at /Users/Abhi/Desktop/storyboard/app/models/user.rb:8)
Processing by Devise::SessionsController#new as HTML
  Rendered /Users/Abhi/.rvm/gems/ruby-2.2.1/gems/devise-3.5.1/app/views/devise/shared/_links.html.erb (0.9ms)
  Rendered /Users/Abhi/.rvm/gems/ruby-2.2.1/gems/devise-3.5.1/app/views/devise/sessions/new.html.erb within layouts/application (4.7ms)
Completed 200 OK in 165ms (Views: 153.2ms | ActiveRecord: 0.6ms)


Started GET "/" for 127.0.0.1 at 2015-10-28 13:50:30 -0700
Processing by PagesController#landing as HTML
  Rendered pages/landing.html.erb within layouts/application (0.0ms)
Completed 200 OK in 163ms (Views: 161.1ms | ActiveRecord: 0.0ms)


Started GET "/users/sign_in" for 127.0.0.1 at 2015-10-28 13:50:32 -0700
Processing by Devise::SessionsController#new as HTML
  Rendered /Users/Abhi/.rvm/gems/ruby-2.2.1/gems/devise-3.5.1/app/views/devise/shared/_links.html.erb (1.1ms)
  Rendered /Users/Abhi/.rvm/gems/ruby-2.2.1/gems/devise-3.5.1/app/views/devise/sessions/new.html.erb within layouts/application (4.5ms)
Completed 200 OK in 154ms (Views: 153.1ms | ActiveRecord: 0.0ms)


Started GET "/users/sign_up" for 127.0.0.1 at 2015-10-28 13:50:35 -0700
Processing by Devise::RegistrationsController#new as HTML
  Rendered /Users/Abhi/.rvm/gems/ruby-2.2.1/gems/devise-3.5.1/app/views/devise/shared/_links.html.erb (0.9ms)
  Rendered /Users/Abhi/.rvm/gems/ruby-2.2.1/gems/devise-3.5.1/app/views/devise/registrations/new.html.erb within layouts/application (5.3ms)
Completed 200 OK in 156ms (Views: 154.7ms | ActiveRecord: 0.0ms)


Started POST "/users" for 127.0.0.1 at 2015-10-28 13:50:48 -0700
Processing by Devise::RegistrationsController#create as HTML
  Parameters: {"utf8"=>"✓", "authenticity_token"=>"j/cW7Sg7oAqErvKD3u9H4xQ37ZWbXdSvC3sWwKZW3EM9v0dJk/fTg8AAlpLwCASfkGiQM4sPk9Pu8bQVlP6x2Q==", "user"=>{"email"=>"ecartman@test.com", "password"=>"[FILTERED]", "password_confirmation"=>"[FILTERED]"}, "commit"=>"Sign up"}
  [1m[35m (1.4ms)[0m  begin transaction
  [1m[36mUser Exists (0.7ms)[0m  [1mSELECT  1 AS one FROM "users" WHERE "users"."email" = 'ecartman@test.com' LIMIT 1[0m
  [1m[35mSQL (3.2ms)[0m  INSERT INTO "users" ("email", "encrypted_password", "created_at", "updated_at") VALUES (?, ?, ?, ?)  [["email", "ecartman@test.com"], ["encrypted_password", "$2a$10$rijbC0b0p8PspbiT4284beq7QDyHv8kFz98k6x3OCz9Iaqtx8ySUu"], ["created_at", "2015-10-28 20:50:48.611507"], ["updated_at", "2015-10-28 20:50:48.611507"]]
  [1m[36m (1.0ms)[0m  [1mcommit transaction[0m
  [1m[35m (0.0ms)[0m  begin transaction
  [1m[36mSQL (0.4ms)[0m  [1mUPDATE "users" SET "last_sign_in_at" = ?, "current_sign_in_at" = ?, "last_sign_in_ip" = ?, "current_sign_in_ip" = ?, "sign_in_count" = ?, "updated_at" = ? WHERE "users"."id" = ?[0m  [["last_sign_in_at", "2015-10-28 20:50:48.620024"], ["current_sign_in_at", "2015-10-28 20:50:48.620024"], ["last_sign_in_ip", "127.0.0.1"], ["current_sign_in_ip", "127.0.0.1"], ["sign_in_count", 1], ["updated_at", "2015-10-28 20:50:48.620718"], ["id", 1]]
  [1m[35m (0.7ms)[0m  commit transaction
Redirected to http://localhost:3000/
Completed 302 Found in 147ms (ActiveRecord: 7.5ms)


Started GET "/" for 127.0.0.1 at 2015-10-28 13:50:48 -0700
Processing by PagesController#landing as HTML
  Rendered pages/landing.html.erb within layouts/application (0.1ms)
  [1m[36mUser Load (0.2ms)[0m  [1mSELECT  "users".* FROM "users" WHERE "users"."id" = ?  ORDER BY "users"."id" ASC LIMIT 1[0m  [["id", 1]]
Completed 200 OK in 168ms (Views: 166.5ms | ActiveRecord: 0.2ms)


Started GET "/users/sign_out" for 127.0.0.1 at 2015-10-28 13:50:56 -0700
Processing by Devise::SessionsController#destroy as HTML
  [1m[35mUser Load (0.1ms)[0m  SELECT  "users".* FROM "users" WHERE "users"."id" = ?  ORDER BY "users"."id" ASC LIMIT 1  [["id", 1]]
  [1m[36m (0.1ms)[0m  [1mbegin transaction[0m
  [1m[35m (0.0ms)[0m  commit transaction
Redirected to http://localhost:3000/
Completed 302 Found in 15ms (ActiveRecord: 0.2ms)


Started GET "/" for 127.0.0.1 at 2015-10-28 13:50:56 -0700
Processing by PagesController#landing as HTML
  Rendered pages/landing.html.erb within layouts/application (0.0ms)
Completed 200 OK in 147ms (Views: 146.3ms | ActiveRecord: 0.0ms)


Started GET "/users/sign_in" for 127.0.0.1 at 2015-10-28 13:50:59 -0700
Processing by Devise::SessionsController#new as HTML
  Rendered /Users/Abhi/.rvm/gems/ruby-2.2.1/gems/devise-3.5.1/app/views/devise/shared/_links.html.erb (1.1ms)
  Rendered /Users/Abhi/.rvm/gems/ruby-2.2.1/gems/devise-3.5.1/app/views/devise/sessions/new.html.erb within layouts/application (5.6ms)
Completed 200 OK in 174ms (Views: 173.2ms | ActiveRecord: 0.0ms)


Started POST "/users/sign_in" for 127.0.0.1 at 2015-10-28 13:51:06 -0700
Processing by Devise::SessionsController#create as HTML
  Parameters: {"utf8"=>"✓", "authenticity_token"=>"Bz42/XZpRdi3mZz9zJQniW/TNHiYqUE8l4k2FGpLVc1Zb+eLUaTEAK/wfQRH4OW9ssTUsDcZIm9q98ELfuJXow==", "user"=>{"email"=>"ecartman@test.com", "password"=>"[FILTERED]", "remember_me"=>"0"}, "commit"=>"Log in"}
  [1m[36mUser Load (0.2ms)[0m  [1mSELECT  "users".* FROM "users" WHERE "users"."email" = ?  ORDER BY "users"."id" ASC LIMIT 1[0m  [["email", "ecartman@test.com"]]
  [1m[35m (0.1ms)[0m  begin transaction
  [1m[36mSQL (0.3ms)[0m  [1mUPDATE "users" SET "current_sign_in_at" = ?, "sign_in_count" = ?, "updated_at" = ? WHERE "users"."id" = ?[0m  [["current_sign_in_at", "2015-10-28 20:51:06.126924"], ["sign_in_count", 2], ["updated_at", "2015-10-28 20:51:06.127817"], ["id", 1]]
  [1m[35m (0.8ms)[0m  commit transaction
Redirected to http://localhost:3000/
Completed 302 Found in 93ms (ActiveRecord: 1.4ms)


Started GET "/" for 127.0.0.1 at 2015-10-28 13:51:06 -0700
Processing by PagesController#landing as HTML
  Rendered pages/landing.html.erb within layouts/application (0.0ms)
  [1m[36mUser Load (0.1ms)[0m  [1mSELECT  "users".* FROM "users" WHERE "users"."id" = ?  ORDER BY "users"."id" ASC LIMIT 1[0m  [["id", 1]]
Completed 200 OK in 155ms (Views: 153.8ms | ActiveRecord: 0.1ms)


Started GET "/users/sign_out" for 127.0.0.1 at 2015-10-28 13:51:08 -0700
Processing by Devise::SessionsController#destroy as HTML
  [1m[35mUser Load (0.1ms)[0m  SELECT  "users".* FROM "users" WHERE "users"."id" = ?  ORDER BY "users"."id" ASC LIMIT 1  [["id", 1]]
  [1m[36m (0.0ms)[0m  [1mbegin transaction[0m
  [1m[35m (0.0ms)[0m  commit transaction
Redirected to http://localhost:3000/
Completed 302 Found in 4ms (ActiveRecord: 0.2ms)


Started GET "/" for 127.0.0.1 at 2015-10-28 13:51:08 -0700
Processing by PagesController#landing as HTML
  Rendered pages/landing.html.erb within layouts/application (0.0ms)
Completed 200 OK in 150ms (Views: 149.7ms | ActiveRecord: 0.0ms)


Started GET "/users/sign_in" for 127.0.0.1 at 2015-10-28 13:51:11 -0700
Processing by Devise::SessionsController#new as HTML
  Rendered /Users/Abhi/.rvm/gems/ruby-2.2.1/gems/devise-3.5.1/app/views/devise/shared/_links.html.erb (1.0ms)
  Rendered /Users/Abhi/.rvm/gems/ruby-2.2.1/gems/devise-3.5.1/app/views/devise/sessions/new.html.erb within layouts/application (5.2ms)
Completed 200 OK in 148ms (Views: 146.6ms | ActiveRecord: 0.0ms)


Started GET "/users/auth/facebook" for 127.0.0.1 at 2015-10-28 13:51:14 -0700


Started GET "/users/auth/facebook" for 127.0.0.1 at 2015-10-28 13:51:14 -0700


Started GET "/" for 127.0.0.1 at 2015-10-28 14:00:03 -0700
Processing by PagesController#landing as HTML
  Rendered pages/landing.html.erb within layouts/application (0.1ms)
Completed 200 OK in 150ms (Views: 149.1ms | ActiveRecord: 0.0ms)


Started GET "/users/sign_in" for 127.0.0.1 at 2015-10-28 14:00:06 -0700
Processing by Devise::SessionsController#new as HTML
  Rendered /Users/Abhi/.rvm/gems/ruby-2.2.1/gems/devise-3.5.1/app/views/devise/shared/_links.html.erb (1.0ms)
  Rendered /Users/Abhi/.rvm/gems/ruby-2.2.1/gems/devise-3.5.1/app/views/devise/sessions/new.html.erb within layouts/application (5.3ms)
Completed 200 OK in 151ms (Views: 150.0ms | ActiveRecord: 0.0ms)


Started GET "/users/auth/facebook" for 127.0.0.1 at 2015-10-28 14:00:09 -0700


Started GET "/users/auth/facebook" for 127.0.0.1 at 2015-10-28 14:00:09 -0700


Started GET "/users/auth/facebook" for 127.0.0.1 at 2015-10-28 14:03:54 -0700


Started GET "/users/auth/facebook" for 127.0.0.1 at 2015-10-28 14:03:54 -0700


Started GET "/" for 127.0.0.1 at 2015-10-28 14:08:22 -0700
DEPRECATION WARNING: Currently, Active Record suppresses errors raised within `after_rollback`/`after_commit` callbacks and only print them to the logs. In the next version, these errors will no longer be suppressed. Instead, the errors will propagate normally just like in other Active Record callbacks.

You can opt into the new behavior and remove this warning by setting:

  config.active_record.raise_in_transactional_callbacks = true

 (called from <class:User> at /Users/Abhi/Desktop/storyboard/app/models/user.rb:8)
DEPRECATION WARNING: Currently, Active Record suppresses errors raised within `after_rollback`/`after_commit` callbacks and only print them to the logs. In the next version, these errors will no longer be suppressed. Instead, the errors will propagate normally just like in other Active Record callbacks.

You can opt into the new behavior and remove this warning by setting:

  config.active_record.raise_in_transactional_callbacks = true

 (called from <class:User> at /Users/Abhi/Desktop/storyboard/app/models/user.rb:8)
Processing by PagesController#landing as HTML
  Rendered pages/landing.html.erb within layouts/application (0.0ms)
Completed 200 OK in 137ms (Views: 135.8ms | ActiveRecord: 0.0ms)


Started GET "/users/sign_in" for 127.0.0.1 at 2015-10-28 14:08:24 -0700
Processing by Devise::SessionsController#new as HTML
  Rendered /Users/Abhi/.rvm/gems/ruby-2.2.1/gems/devise-3.5.1/app/views/devise/shared/_links.html.erb (0.9ms)
  Rendered /Users/Abhi/.rvm/gems/ruby-2.2.1/gems/devise-3.5.1/app/views/devise/sessions/new.html.erb within layouts/application (4.7ms)
Completed 200 OK in 170ms (Views: 157.3ms | ActiveRecord: 0.7ms)


Started GET "/users/auth/facebook" for 127.0.0.1 at 2015-10-28 14:08:25 -0700


Started GET "/users/auth/facebook" for 127.0.0.1 at 2015-10-28 14:08:25 -0700


Started GET "/" for 127.0.0.1 at 2015-10-28 14:10:11 -0700
Processing by PagesController#landing as HTML
  Rendered pages/landing.html.erb within layouts/application (0.1ms)
Completed 200 OK in 147ms (Views: 145.9ms | ActiveRecord: 0.0ms)


Started GET "/users/sign_in" for 127.0.0.1 at 2015-10-28 14:10:13 -0700
Processing by Devise::SessionsController#new as HTML
  Rendered /Users/Abhi/.rvm/gems/ruby-2.2.1/gems/devise-3.5.1/app/views/devise/shared/_links.html.erb (0.9ms)
  Rendered /Users/Abhi/.rvm/gems/ruby-2.2.1/gems/devise-3.5.1/app/views/devise/sessions/new.html.erb within layouts/application (4.3ms)
Completed 200 OK in 156ms (Views: 154.6ms | ActiveRecord: 0.0ms)


Started GET "/users/auth/facebook" for 127.0.0.1 at 2015-10-28 14:10:14 -0700


Started GET "/users/auth/facebook" for 127.0.0.1 at 2015-10-28 14:10:14 -0700


Started GET "/users/auth/twitter" for 127.0.0.1 at 2015-10-28 14:47:17 -0700
** [Airbrake] Notice was not sent due to configuration:         
  Environment Monitored? false         
  API key set? false

OAuth::Unauthorized - 400 Bad Request:
  oauth (0.4.7) lib/oauth/consumer.rb:216:in `token_request'
  oauth (0.4.7) lib/oauth/consumer.rb:136:in `get_request_token'
  omniauth-oauth (1.1.0) lib/omniauth/strategies/oauth.rb:28:in `request_phase'
  omniauth-twitter (1.2.0) lib/omniauth/strategies/twitter.rb:60:in `request_phase'
  omniauth (1.2.2) lib/omniauth/strategy.rb:215:in `request_call'
  omniauth (1.2.2) lib/omniauth/strategy.rb:183:in `call!'
  omniauth (1.2.2) lib/omniauth/strategy.rb:164:in `call'
  omniauth (1.2.2) lib/omniauth/strategy.rb:186:in `call!'
  omniauth (1.2.2) lib/omniauth/strategy.rb:164:in `call'
  warden (1.2.3) lib/warden/manager.rb:35:in `block in call'
  warden (1.2.3) lib/warden/manager.rb:34:in `catch'
  warden (1.2.3) lib/warden/manager.rb:34:in `call'
  rack (1.6.4) lib/rack/etag.rb:24:in `call'
  rack (1.6.4) lib/rack/conditionalget.rb:25:in `call'
  rack (1.6.4) lib/rack/head.rb:13:in `call'
  actionpack (4.2.3) lib/action_dispatch/middleware/params_parser.rb:27:in `call'
  actionpack (4.2.3) lib/action_dispatch/middleware/flash.rb:260:in `call'
  rack (1.6.4) lib/rack/session/abstract/id.rb:225:in `context'
  rack (1.6.4) lib/rack/session/abstract/id.rb:220:in `call'
  actionpack (4.2.3) lib/action_dispatch/middleware/cookies.rb:560:in `call'
  activerecord (4.2.3) lib/active_record/query_cache.rb:36:in `call'
  activerecord (4.2.3) lib/active_record/connection_adapters/abstract/connection_pool.rb:653:in `call'
  activerecord (4.2.3) lib/active_record/migration.rb:377:in `call'
  actionpack (4.2.3) lib/action_dispatch/middleware/callbacks.rb:29:in `block in call'
  activesupport (4.2.3) lib/active_support/callbacks.rb:84:in `run_callbacks'
  actionpack (4.2.3) lib/action_dispatch/middleware/callbacks.rb:27:in `call'
  actionpack (4.2.3) lib/action_dispatch/middleware/reloader.rb:73:in `call'
  actionpack (4.2.3) lib/action_dispatch/middleware/remote_ip.rb:78:in `call'
  airbrake (4.3.0) lib/airbrake/rails/middleware.rb:13:in `call'
  better_errors (2.1.1) lib/better_errors/middleware.rb:84:in `protected_app_call'
  better_errors (2.1.1) lib/better_errors/middleware.rb:79:in `better_errors_call'
  better_errors (2.1.1) lib/better_errors/middleware.rb:57:in `call'
  actionpack (4.2.3) lib/action_dispatch/middleware/debug_exceptions.rb:17:in `call'
  actionpack (4.2.3) lib/action_dispatch/middleware/show_exceptions.rb:30:in `call'
  railties (4.2.3) lib/rails/rack/logger.rb:38:in `call_app'
  railties (4.2.3) lib/rails/rack/logger.rb:20:in `block in call'
  activesupport (4.2.3) lib/active_support/tagged_logging.rb:68:in `block in tagged'
  activesupport (4.2.3) lib/active_support/tagged_logging.rb:26:in `tagged'
  activesupport (4.2.3) lib/active_support/tagged_logging.rb:68:in `tagged'
  railties (4.2.3) lib/rails/rack/logger.rb:20:in `call'
  quiet_assets (1.1.0) lib/quiet_assets.rb:27:in `call_with_quiet_assets'
  actionpack (4.2.3) lib/action_dispatch/middleware/request_id.rb:21:in `call'
  rack (1.6.4) lib/rack/methodoverride.rb:22:in `call'
  rack (1.6.4) lib/rack/runtime.rb:18:in `call'
  activesupport (4.2.3) lib/active_support/cache/strategy/local_cache_middleware.rb:28:in `call'
  rack (1.6.4) lib/rack/lock.rb:17:in `call'
  actionpack (4.2.3) lib/action_dispatch/middleware/static.rb:116:in `call'
  rack (1.6.4) lib/rack/sendfile.rb:113:in `call'
  airbrake (4.3.0) lib/airbrake/user_informer.rb:16:in `_call'
  airbrake (4.3.0) lib/airbrake/user_informer.rb:12:in `call'
  railties (4.2.3) lib/rails/engine.rb:518:in `call'
  railties (4.2.3) lib/rails/application.rb:165:in `call'
  rack (1.6.4) lib/rack/content_length.rb:15:in `call'
  thin (1.6.3) lib/thin/connection.rb:86:in `block in pre_process'
  thin (1.6.3) lib/thin/connection.rb:84:in `catch'
  thin (1.6.3) lib/thin/connection.rb:84:in `pre_process'
  thin (1.6.3) lib/thin/connection.rb:53:in `process'
  thin (1.6.3) lib/thin/connection.rb:39:in `receive_data'
  eventmachine (1.0.7) lib/eventmachine.rb:187:in `run_machine'
  eventmachine (1.0.7) lib/eventmachine.rb:187:in `run'
  thin (1.6.3) lib/thin/backends/base.rb:73:in `start'
  thin (1.6.3) lib/thin/server.rb:162:in `start'
  rack (1.6.4) lib/rack/handler/thin.rb:19:in `run'
  rack (1.6.4) lib/rack/server.rb:286:in `start'
  railties (4.2.3) lib/rails/commands/server.rb:80:in `start'
  railties (4.2.3) lib/rails/commands/commands_tasks.rb:80:in `block in server'
  railties (4.2.3) lib/rails/commands/commands_tasks.rb:75:in `tap'
  railties (4.2.3) lib/rails/commands/commands_tasks.rb:75:in `server'
  railties (4.2.3) lib/rails/commands/commands_tasks.rb:39:in `run_command!'
  railties (4.2.3) lib/rails/commands.rb:17:in `<top (required)>'
  bin/rails:4:in `require'
  bin/rails:4:in `<main>'



Started GET "/users/auth/twitter" for 127.0.0.1 at 2015-10-28 14:47:17 -0700
** [Airbrake] Notice was not sent due to configuration:         
  Environment Monitored? false         
  API key set? false

OAuth::Unauthorized - 400 Bad Request:
  oauth (0.4.7) lib/oauth/consumer.rb:216:in `token_request'
  oauth (0.4.7) lib/oauth/consumer.rb:136:in `get_request_token'
  omniauth-oauth (1.1.0) lib/omniauth/strategies/oauth.rb:28:in `request_phase'
  omniauth-twitter (1.2.0) lib/omniauth/strategies/twitter.rb:60:in `request_phase'
  omniauth (1.2.2) lib/omniauth/strategy.rb:215:in `request_call'
  omniauth (1.2.2) lib/omniauth/strategy.rb:183:in `call!'
  omniauth (1.2.2) lib/omniauth/strategy.rb:164:in `call'
  omniauth (1.2.2) lib/omniauth/strategy.rb:186:in `call!'
  omniauth (1.2.2) lib/omniauth/strategy.rb:164:in `call'
  warden (1.2.3) lib/warden/manager.rb:35:in `block in call'
  warden (1.2.3) lib/warden/manager.rb:34:in `catch'
  warden (1.2.3) lib/warden/manager.rb:34:in `call'
  rack (1.6.4) lib/rack/etag.rb:24:in `call'
  rack (1.6.4) lib/rack/conditionalget.rb:25:in `call'
  rack (1.6.4) lib/rack/head.rb:13:in `call'
  actionpack (4.2.3) lib/action_dispatch/middleware/params_parser.rb:27:in `call'
  actionpack (4.2.3) lib/action_dispatch/middleware/flash.rb:260:in `call'
  rack (1.6.4) lib/rack/session/abstract/id.rb:225:in `context'
  rack (1.6.4) lib/rack/session/abstract/id.rb:220:in `call'
  actionpack (4.2.3) lib/action_dispatch/middleware/cookies.rb:560:in `call'
  activerecord (4.2.3) lib/active_record/query_cache.rb:36:in `call'
  activerecord (4.2.3) lib/active_record/connection_adapters/abstract/connection_pool.rb:653:in `call'
  activerecord (4.2.3) lib/active_record/migration.rb:377:in `call'
  actionpack (4.2.3) lib/action_dispatch/middleware/callbacks.rb:29:in `block in call'
  activesupport (4.2.3) lib/active_support/callbacks.rb:84:in `run_callbacks'
  actionpack (4.2.3) lib/action_dispatch/middleware/callbacks.rb:27:in `call'
  actionpack (4.2.3) lib/action_dispatch/middleware/reloader.rb:73:in `call'
  actionpack (4.2.3) lib/action_dispatch/middleware/remote_ip.rb:78:in `call'
  airbrake (4.3.0) lib/airbrake/rails/middleware.rb:13:in `call'
  better_errors (2.1.1) lib/better_errors/middleware.rb:84:in `protected_app_call'
  better_errors (2.1.1) lib/better_errors/middleware.rb:79:in `better_errors_call'
  better_errors (2.1.1) lib/better_errors/middleware.rb:57:in `call'
  actionpack (4.2.3) lib/action_dispatch/middleware/debug_exceptions.rb:17:in `call'
  actionpack (4.2.3) lib/action_dispatch/middleware/show_exceptions.rb:30:in `call'
  railties (4.2.3) lib/rails/rack/logger.rb:38:in `call_app'
  railties (4.2.3) lib/rails/rack/logger.rb:20:in `block in call'
  activesupport (4.2.3) lib/active_support/tagged_logging.rb:68:in `block in tagged'
  activesupport (4.2.3) lib/active_support/tagged_logging.rb:26:in `tagged'
  activesupport (4.2.3) lib/active_support/tagged_logging.rb:68:in `tagged'
  railties (4.2.3) lib/rails/rack/logger.rb:20:in `call'
  quiet_assets (1.1.0) lib/quiet_assets.rb:27:in `call_with_quiet_assets'
  actionpack (4.2.3) lib/action_dispatch/middleware/request_id.rb:21:in `call'
  rack (1.6.4) lib/rack/methodoverride.rb:22:in `call'
  rack (1.6.4) lib/rack/runtime.rb:18:in `call'
  activesupport (4.2.3) lib/active_support/cache/strategy/local_cache_middleware.rb:28:in `call'
  rack (1.6.4) lib/rack/lock.rb:17:in `call'
  actionpack (4.2.3) lib/action_dispatch/middleware/static.rb:116:in `call'
  rack (1.6.4) lib/rack/sendfile.rb:113:in `call'
  airbrake (4.3.0) lib/airbrake/user_informer.rb:16:in `_call'
  airbrake (4.3.0) lib/airbrake/user_informer.rb:12:in `call'
  railties (4.2.3) lib/rails/engine.rb:518:in `call'
  railties (4.2.3) lib/rails/application.rb:165:in `call'
  rack (1.6.4) lib/rack/content_length.rb:15:in `call'
  thin (1.6.3) lib/thin/connection.rb:86:in `block in pre_process'
  thin (1.6.3) lib/thin/connection.rb:84:in `catch'
  thin (1.6.3) lib/thin/connection.rb:84:in `pre_process'
  thin (1.6.3) lib/thin/connection.rb:53:in `process'
  thin (1.6.3) lib/thin/connection.rb:39:in `receive_data'
  eventmachine (1.0.7) lib/eventmachine.rb:187:in `run_machine'
  eventmachine (1.0.7) lib/eventmachine.rb:187:in `run'
  thin (1.6.3) lib/thin/backends/base.rb:73:in `start'
  thin (1.6.3) lib/thin/server.rb:162:in `start'
  rack (1.6.4) lib/rack/handler/thin.rb:19:in `run'
  rack (1.6.4) lib/rack/server.rb:286:in `start'
  railties (4.2.3) lib/rails/commands/server.rb:80:in `start'
  railties (4.2.3) lib/rails/commands/commands_tasks.rb:80:in `block in server'
  railties (4.2.3) lib/rails/commands/commands_tasks.rb:75:in `tap'
  railties (4.2.3) lib/rails/commands/commands_tasks.rb:75:in `server'
  railties (4.2.3) lib/rails/commands/commands_tasks.rb:39:in `run_command!'
  railties (4.2.3) lib/rails/commands.rb:17:in `<top (required)>'
  bin/rails:4:in `require'
  bin/rails:4:in `<main>'



Started POST "/__better_errors/11f75a153fcec621/variables" for 127.0.0.1 at 2015-10-28 14:47:18 -0700


Started GET "/users/auth/linkedin" for 127.0.0.1 at 2015-10-28 14:47:31 -0700


Started GET "/users/auth/linkedin" for 127.0.0.1 at 2015-10-28 14:47:31 -0700


Started GET "/users/auth/github" for 127.0.0.1 at 2015-10-28 14:47:37 -0700


Started GET "/users/auth/github" for 127.0.0.1 at 2015-10-28 14:47:37 -0700


Started GET "/users/auth/facebook" for 127.0.0.1 at 2015-10-28 14:47:43 -0700


Started GET "/users/auth/facebook" for 127.0.0.1 at 2015-10-28 14:47:43 -0700


Started GET "/" for 127.0.0.1 at 2015-10-28 14:50:02 -0700
Processing by PagesController#landing as HTML
  Rendered pages/landing.html.erb within layouts/application (0.1ms)
Completed 200 OK in 160ms (Views: 159.2ms | ActiveRecord: 0.0ms)


Started GET "/users/sign_in" for 127.0.0.1 at 2015-10-28 14:50:03 -0700
Processing by Devise::SessionsController#new as HTML
  Rendered /Users/Abhi/.rvm/gems/ruby-2.2.1/gems/devise-3.5.1/app/views/devise/shared/_links.html.erb (1.7ms)
  Rendered /Users/Abhi/.rvm/gems/ruby-2.2.1/gems/devise-3.5.1/app/views/devise/sessions/new.html.erb within layouts/application (6.8ms)
Completed 200 OK in 168ms (Views: 166.4ms | ActiveRecord: 0.0ms)


Started GET "/users/auth/facebook" for 127.0.0.1 at 2015-10-28 14:50:05 -0700


Started GET "/users/auth/facebook" for 127.0.0.1 at 2015-10-28 14:50:05 -0700


Started GET "/users/sign_in" for 127.0.0.1 at 2015-10-28 14:50:39 -0700
Processing by Devise::SessionsController#new as HTML
  Rendered /Users/Abhi/.rvm/gems/ruby-2.2.1/gems/devise-3.5.1/app/views/devise/shared/_links.html.erb (0.8ms)
  Rendered /Users/Abhi/.rvm/gems/ruby-2.2.1/gems/devise-3.5.1/app/views/devise/sessions/new.html.erb within layouts/application (4.2ms)
Completed 200 OK in 154ms (Views: 152.8ms | ActiveRecord: 0.0ms)


Started GET "/users/auth/facebook" for 127.0.0.1 at 2015-10-28 14:50:41 -0700


Started GET "/users/auth/facebook" for 127.0.0.1 at 2015-10-28 14:50:41 -0700


Started GET "/" for 127.0.0.1 at 2015-10-28 14:50:56 -0700
Processing by PagesController#landing as HTML
  Rendered pages/landing.html.erb within layouts/application (0.1ms)
Completed 200 OK in 164ms (Views: 163.2ms | ActiveRecord: 0.0ms)


Started GET "/" for 127.0.0.1 at 2015-10-28 14:53:27 -0700
Processing by PagesController#landing as HTML
  Rendered pages/landing.html.erb within layouts/application (0.0ms)
Completed 200 OK in 143ms (Views: 141.9ms | ActiveRecord: 0.0ms)


Started GET "/" for 127.0.0.1 at 2015-10-28 14:53:39 -0700
Processing by PagesController#landing as HTML
  Rendered pages/landing.html.erb within layouts/application (0.1ms)
Completed 200 OK in 157ms (Views: 155.9ms | ActiveRecord: 0.0ms)


Started GET "/users/sign_in" for 127.0.0.1 at 2015-10-28 14:53:41 -0700
Processing by Devise::SessionsController#new as HTML
  Rendered /Users/Abhi/.rvm/gems/ruby-2.2.1/gems/devise-3.5.1/app/views/devise/shared/_links.html.erb (0.9ms)
  Rendered /Users/Abhi/.rvm/gems/ruby-2.2.1/gems/devise-3.5.1/app/views/devise/sessions/new.html.erb within layouts/application (4.4ms)
Completed 200 OK in 147ms (Views: 146.1ms | ActiveRecord: 0.0ms)


Started GET "/users/auth/facebook" for 127.0.0.1 at 2015-10-28 14:53:43 -0700


Started GET "/users/auth/facebook" for 127.0.0.1 at 2015-10-28 14:53:43 -0700


Started GET "/" for 127.0.0.1 at 2015-10-28 15:22:41 -0700
Processing by PagesController#landing as HTML
  Rendered pages/landing.html.erb within layouts/application (0.0ms)
Completed 200 OK in 146ms (Views: 145.1ms | ActiveRecord: 0.0ms)


Started GET "/users/sign_in" for 127.0.0.1 at 2015-10-28 15:22:43 -0700
Processing by Devise::SessionsController#new as HTML
  Rendered /Users/Abhi/.rvm/gems/ruby-2.2.1/gems/devise-3.5.1/app/views/devise/shared/_links.html.erb (1.0ms)
  Rendered /Users/Abhi/.rvm/gems/ruby-2.2.1/gems/devise-3.5.1/app/views/devise/sessions/new.html.erb within layouts/application (4.9ms)
Completed 200 OK in 173ms (Views: 171.7ms | ActiveRecord: 0.0ms)


Started GET "/users/auth/facebook" for 127.0.0.1 at 2015-10-28 15:22:44 -0700


Started GET "/users/auth/facebook" for 127.0.0.1 at 2015-10-28 15:22:45 -0700
DEPRECATION WARNING: Currently, Active Record suppresses errors raised within `after_rollback`/`after_commit` callbacks and only print them to the logs. In the next version, these errors will no longer be suppressed. Instead, the errors will propagate normally just like in other Active Record callbacks.

You can opt into the new behavior and remove this warning by setting:

  config.active_record.raise_in_transactional_callbacks = true

 (called from <class:User> at /Users/Abhi/Desktop/storyboard/app/models/user.rb:8)
DEPRECATION WARNING: Currently, Active Record suppresses errors raised within `after_rollback`/`after_commit` callbacks and only print them to the logs. In the next version, these errors will no longer be suppressed. Instead, the errors will propagate normally just like in other Active Record callbacks.

You can opt into the new behavior and remove this warning by setting:

  config.active_record.raise_in_transactional_callbacks = true

 (called from <class:User> at /Users/Abhi/Desktop/storyboard/app/models/user.rb:8)


Started GET "/" for 127.0.0.1 at 2015-10-28 17:22:54 -0700
  [1m[36mActiveRecord::SchemaMigration Load (0.1ms)[0m  [1mSELECT "schema_migrations".* FROM "schema_migrations"[0m
Processing by PagesController#landing as HTML
  Rendered pages/landing.html.erb within layouts/application (2.0ms)
Completed 200 OK in 653ms (Views: 642.2ms | ActiveRecord: 0.0ms)


Started GET "/users/sign_in" for 127.0.0.1 at 2015-10-28 17:22:57 -0700
Processing by Devise::SessionsController#new as HTML
  Rendered /Users/Abhi/.rvm/gems/ruby-2.2.1/gems/devise-3.5.1/app/views/devise/shared/_links.html.erb (1.9ms)
  Rendered /Users/Abhi/.rvm/gems/ruby-2.2.1/gems/devise-3.5.1/app/views/devise/sessions/new.html.erb within layouts/application (27.0ms)
Completed 200 OK in 175ms (Views: 151.1ms | ActiveRecord: 0.6ms)


Started GET "/users/auth/facebook" for 127.0.0.1 at 2015-10-28 17:22:59 -0700


Started GET "/users/auth/facebook" for 127.0.0.1 at 2015-10-28 17:22:59 -0700
